<?xml version="1.0" encoding="UTF-8"?>
<testsuite xmlns:xsi="http://www.w3.org/2001/XMLSchema-instance" xsi:noNamespaceSchemaLocation="https://maven.apache.org/surefire/maven-surefire-plugin/xsd/surefire-test-report-3.0.xsd" version="3.0" name="com.spring.security.jwt.MsSpringSecurityJwtApplicationTests" time="25.596" tests="1" errors="0" skipped="0" failures="0">
  <properties>
[...]
</properties>
  <testcase name="contextLoads" classname="com.spring.security.jwt.MsSpringSecurityJwtApplicationTests" time="1.791">
    <system-out><![CDATA[23:48:41.358 [main] INFO org.springframework.test.context.support.AnnotationConfigContextLoaderUtils -- Could not detect default configuration classes for test class [com.spring.security.jwt.MsSpringSecurityJwtApplicationTests]: MsSpringSecurityJwtApplicationTests does not declare any static, non-private, non-final, nested classes annotated with @Configuration.
23:48:41.897 [main] INFO org.springframework.boot.test.context.SpringBootTestContextBootstrapper -- Found @SpringBootConfiguration com.spring.security.jwt.MsSpringSecurityJwtApplication for test class com.spring.security.jwt.MsSpringSecurityJwtApplicationTests
23:48:42.748 [main] INFO org.springframework.boot.devtools.restart.RestartApplicationListener -- Restart disabled due to context in which it is running

  .   ____          _            __ _ _
 /\\ / ___'_ __ _ _(_)_ __  __ _ \ \ \ \
( ( )\___ | '_ | '_| | '_ \/ _` | \ \ \ \
 \\/  ___)| |_)| | | | | || (_| |  ) ) ) )
  '  |____| .__|_| |_|_| |_\__, | / / / /
 =========|_|==============|___/=/_/_/_/
 :: Spring Boot ::                (v3.2.0)

2024-10-19T23:48:44.065-06:00  INFO 5308 --- [           main] .s.j.MsSpringSecurityJwtApplicationTests : Starting MsSpringSecurityJwtApplicationTests using Java 17.0.12 with PID 5308 (started by maugu in C:\Users\maugu\source\Bitacora-Back-end)
2024-10-19T23:48:44.076-06:00  INFO 5308 --- [           main] .s.j.MsSpringSecurityJwtApplicationTests : No active profile set, falling back to 1 default profile: "default"
2024-10-19T23:48:48.114-06:00  INFO 5308 --- [           main] .s.d.r.c.RepositoryConfigurationDelegate : Bootstrapping Spring Data JPA repositories in DEFAULT mode.
2024-10-19T23:48:48.219-06:00  INFO 5308 --- [           main] .s.d.r.c.RepositoryConfigurationDelegate : Finished Spring Data repository scanning in 67 ms. Found 0 JPA repository interfaces.
2024-10-19T23:48:50.134-06:00  INFO 5308 --- [           main] com.zaxxer.hikari.HikariDataSource       : HikariPool-1 - Starting...
2024-10-19T23:48:53.258-06:00  INFO 5308 --- [           main] com.zaxxer.hikari.pool.HikariPool        : HikariPool-1 - Added connection org.postgresql.jdbc.PgConnection@796d33eb
2024-10-19T23:48:53.265-06:00  INFO 5308 --- [           main] com.zaxxer.hikari.HikariDataSource       : HikariPool-1 - Start completed.
2024-10-19T23:48:53.732-06:00  INFO 5308 --- [           main] o.hibernate.jpa.internal.util.LogHelper  : HHH000204: Processing PersistenceUnitInfo [name: default]
2024-10-19T23:48:54.146-06:00  INFO 5308 --- [           main] org.hibernate.Version                    : HHH000412: Hibernate ORM core version 6.3.1.Final
2024-10-19T23:48:54.371-06:00  INFO 5308 --- [           main] o.h.c.internal.RegionFactoryInitiator    : HHH000026: Second-level cache disabled
2024-10-19T23:48:55.970-06:00  INFO 5308 --- [           main] o.s.o.j.p.SpringPersistenceUnitInfo      : No LoadTimeWeaver setup: ignoring JPA class transformer
2024-10-19T23:49:00.322-06:00  INFO 5308 --- [           main] o.h.e.t.j.p.i.JtaPlatformInitiator       : HHH000489: No JTA platform available (set 'hibernate.transaction.jta.platform' to enable JTA platform integration)
Hibernate: drop table if exists cat_empleados cascade
2024-10-19T23:49:00.607-06:00  WARN 5308 --- [           main] o.h.engine.jdbc.spi.SqlExceptionHelper   : SQL Warning Code: 0, SQLState: 00000
2024-10-19T23:49:00.607-06:00  WARN 5308 --- [           main] o.h.engine.jdbc.spi.SqlExceptionHelper   : table "cat_empleados" does not exist, skipping
Hibernate: drop table if exists cat_productos cascade
2024-10-19T23:49:00.705-06:00  WARN 5308 --- [           main] o.h.engine.jdbc.spi.SqlExceptionHelper   : SQL Warning Code: 0, SQLState: 00000
2024-10-19T23:49:00.706-06:00  WARN 5308 --- [           main] o.h.engine.jdbc.spi.SqlExceptionHelper   : table "cat_productos" does not exist, skipping
Hibernate: create table cat_empleados (id bigserial not null, telefono bigint, nombre varchar(250), primer_apellido varchar(250), segundo_apellido varchar(250), primary key (id))
Hibernate: create table cat_productos (id bigserial not null, categoria varchar(250), nombre varchar(250), primary key (id))
2024-10-19T23:49:00.941-06:00  INFO 5308 --- [           main] j.LocalContainerEntityManagerFactoryBean : Initialized JPA EntityManagerFactory for persistence unit 'default'
2024-10-19T23:49:01.415-06:00  WARN 5308 --- [           main] JpaBaseConfiguration$JpaWebConfiguration : spring.jpa.open-in-view is enabled by default. Therefore, database queries may be performed during view rendering. Explicitly configure spring.jpa.open-in-view to disable this warning
2024-10-19T23:49:01.729-06:00  WARN 5308 --- [           main] .s.s.UserDetailsServiceAutoConfiguration : 

Using generated security password: 7b4dd37f-7ad5-44f9-962c-28f96f8c2f58

This generated password is for development use only. Your security configuration must be updated before running your application in production.

2024-10-19T23:49:02.212-06:00  INFO 5308 --- [           main] o.s.s.web.DefaultSecurityFilterChain     : Will secure any request with [org.springframework.security.web.session.DisableEncodeUrlFilter@4693d24f, org.springframework.security.web.context.request.async.WebAsyncManagerIntegrationFilter@236a3e4, org.springframework.security.web.context.SecurityContextHolderFilter@219dd935, org.springframework.security.web.header.HeaderWriterFilter@17fa14a3, org.springframework.web.filter.CorsFilter@2987b699, org.springframework.security.web.authentication.logout.LogoutFilter@6bdad3bb, org.springframework.security.web.savedrequest.RequestCacheAwareFilter@4a9412c4, org.springframework.security.web.servletapi.SecurityContextHolderAwareRequestFilter@7d15c513, org.springframework.security.web.authentication.AnonymousAuthenticationFilter@2d36add1, org.springframework.security.web.access.ExceptionTranslationFilter@3702d0ed, org.springframework.security.web.access.intercept.AuthorizationFilter@706690e1]
2024-10-19T23:49:04.397-06:00  INFO 5308 --- [           main] .s.j.MsSpringSecurityJwtApplicationTests : Started MsSpringSecurityJwtApplicationTests in 21.711 seconds (process running for 27.161)
]]></system-out>
  </testcase>
</testsuite>